# JRE version: OpenJDK Runtime Environment (8.0_152-b02) (build 1.8.0_152-release-1024-b02)
# Java VM: OpenJDK 64-Bit Server VM (25.152-b02 mixed mode windows-amd64 compressed oops)
Heap:
 PSYoungGen      total 412672K, used 200729K [0x00000000e0000000, 0x00000000fd900000, 0x0000000100000000)
  eden space 356352K, 42% used [0x00000000e0000000,0x00000000e92e4e20,0x00000000f5c00000)
  from space 56320K, 89% used [0x00000000fa200000,0x00000000fd321670,0x00000000fd900000)
  to   space 64000K, 0% used [0x00000000f5c00000,0x00000000f5c00000,0x00000000f9a80000)
 ParOldGen       total 232448K, used 105182K [0x00000000a0000000, 0x00000000ae300000, 0x00000000e0000000)
  object space 232448K, 45% used [0x00000000a0000000,0x00000000a66b7bb8,0x00000000ae300000)
 Metaspace       used 82460K, capacity 86492K, committed 86616K, reserved 1124352K
  class space    used 10475K, capacity 11288K, committed 11392K, reserved 1048576K
GC Heap History (10 events):
Event: 231.719 GC heap before
{Heap before GC invocations=20 (full 4):
 PSYoungGen      total 319488K, used 291279K [0x00000000e0000000, 0x00000000f9e80000, 0x0000000100000000)
  eden space 272384K, 99% used [0x00000000e0000000,0x00000000f09f9be0,0x00000000f0a00000)
  from space 47104K, 40% used [0x00000000f0a00000,0x00000000f1c7a058,0x00000000f3800000)
  to   space 44544K, 0% used [0x00000000f7300000,0x00000000f7300000,0x00000000f9e80000)
 ParOldGen       total 232448K, used 77343K [0x00000000a0000000, 0x00000000ae300000, 0x00000000e0000000)
  object space 232448K, 33% used [0x00000000a0000000,0x00000000a4b87ec0,0x00000000ae300000)
 Metaspace       used 80426K, capacity 83862K, committed 84056K, reserved 1122304K
  class space    used 10386K, capacity 11133K, committed 11136K, reserved 1048576K
Event: 231.760 GC heap after
Heap after GC invocations=20 (full 4):
 PSYoungGen      total 380928K, used 12236K [0x00000000e0000000, 0x00000000fa580000, 0x0000000100000000)
  eden space 336384K, 0% used [0x00000000e0000000,0x00000000e0000000,0x00000000f4880000)
  from space 44544K, 27% used [0x00000000f7300000,0x00000000f7ef30d0,0x00000000f9e80000)
  to   space 43520K, 0% used [0x00000000f4880000,0x00000000f4880000,0x00000000f7300000)
 ParOldGen       total 232448K, used 77351K [0x00000000a0000000, 0x00000000ae300000, 0x00000000e0000000)
  object space 232448K, 33% used [0x00000000a0000000,0x00000000a4b89ec0,0x00000000ae300000)
 Metaspace       used 80426K, capacity 83862K, committed 84056K, reserved 1122304K
  class space    used 10386K, capacity 11133K, committed 11136K, reserved 1048576K
}
Event: 353.065 GC heap before
{Heap before GC invocations=21 (full 4):
 PSYoungGen      total 380928K, used 348620K [0x00000000e0000000, 0x00000000fa580000, 0x0000000100000000)
  eden space 336384K, 100% used [0x00000000e0000000,0x00000000f4880000,0x00000000f4880000)
  from space 44544K, 27% used [0x00000000f7300000,0x00000000f7ef30d0,0x00000000f9e80000)
  to   space 43520K, 0% used [0x00000000f4880000,0x00000000f4880000,0x00000000f7300000)
 ParOldGen       total 232448K, used 77351K [0x00000000a0000000, 0x00000000ae300000, 0x00000000e0000000)
  object space 232448K, 33% used [0x00000000a0000000,0x00000000a4b89ec0,0x00000000ae300000)
 Metaspace       used 81150K, capacity 84576K, committed 84952K, reserved 1122304K
  class space    used 10393K, capacity 11142K, committed 11264K, reserved 1048576K
Event: 353.081 GC heap after
Heap after GC invocations=21 (full 4):
 PSYoungGen      total 379904K, used 20767K [0x00000000e0000000, 0x00000000fca80000, 0x0000000100000000)
  eden space 336384K, 0% used [0x00000000e0000000,0x00000000e0000000,0x00000000f4880000)
  from space 43520K, 47% used [0x00000000f4880000,0x00000000f5cc7d18,0x00000000f7300000)
  to   space 41472K, 0% used [0x00000000fa200000,0x00000000fa200000,0x00000000fca80000)
 ParOldGen       total 232448K, used 77359K [0x00000000a0000000, 0x00000000ae300000, 0x00000000e0000000)
  object space 232448K, 33% used [0x00000000a0000000,0x00000000a4b8bec0,0x00000000ae300000)
 Metaspace       used 81150K, capacity 84576K, committed 84952K, reserved 1122304K
  class space    used 10393K, capacity 11142K, committed 11264K, reserved 1048576K
}
Event: 354.877 GC heap before
{Heap before GC invocations=22 (full 4):
 PSYoungGen      total 379904K, used 357002K [0x00000000e0000000, 0x00000000fca80000, 0x0000000100000000)
  eden space 336384K, 99% used [0x00000000e0000000,0x00000000f485abc8,0x00000000f4880000)
  from space 43520K, 47% used [0x00000000f4880000,0x00000000f5cc7d18,0x00000000f7300000)
  to   space 41472K, 0% used [0x00000000fa200000,0x00000000fa200000,0x00000000fca80000)
 ParOldGen       total 232448K, used 77359K [0x00000000a0000000, 0x00000000ae300000, 0x00000000e0000000)
  object space 232448K, 33% used [0x00000000a0000000,0x00000000a4b8bec0,0x00000000ae300000)
 Metaspace       used 81188K, capacity 84576K, committed 84952K, reserved 1122304K
  class space    used 10393K, capacity 11142K, committed 11264K, reserved 1048576K
Event: 354.891 GC heap after
Heap after GC invocations=22 (full 4):
 PSYoungGen      total 424960K, used 26302K [0x00000000e0000000, 0x00000000fc980000, 0x0000000100000000)
  eden space 384512K, 0% used [0x00000000e0000000,0x00000000e0000000,0x00000000f7780000)
  from space 40448K, 65% used [0x00000000fa200000,0x00000000fbbafa80,0x00000000fc980000)
  to   space 41984K, 0% used [0x00000000f7780000,0x00000000f7780000,0x00000000fa080000)
 ParOldGen       total 232448K, used 77367K [0x00000000a0000000, 0x00000000ae300000, 0x00000000e0000000)
  object space 232448K, 33% used [0x00000000a0000000,0x00000000a4b8dec0,0x00000000ae300000)
 Metaspace       used 81188K, capacity 84576K, committed 84952K, reserved 1122304K
  class space    used 10393K, capacity 11142K, committed 11264K, reserved 1048576K
}
Event: 1196.900 GC heap before
{Heap before GC invocations=23 (full 4):
 PSYoungGen      total 424960K, used 410814K [0x00000000e0000000, 0x00000000fc980000, 0x0000000100000000)
  eden space 384512K, 100% used [0x00000000e0000000,0x00000000f7780000,0x00000000f7780000)
  from space 40448K, 65% used [0x00000000fa200000,0x00000000fbbafa80,0x00000000fc980000)
  to   space 41984K, 0% used [0x00000000f7780000,0x00000000f7780000,0x00000000fa080000)
 ParOldGen       total 232448K, used 77367K [0x00000000a0000000, 0x00000000ae300000, 0x00000000e0000000)
  object space 232448K, 33% used [0x00000000a0000000,0x00000000a4b8dec0,0x00000000ae300000)
 Metaspace       used 82071K, capacity 86090K, committed 86360K, reserved 1124352K
  class space    used 10472K, capacity 11287K, committed 11392K, reserved 1048576K
Event: 1196.967 GC heap after
Heap after GC invocations=23 (full 4):
 PSYoungGen      total 412160K, used 41963K [0x00000000e0000000, 0x00000000fda80000, 0x0000000100000000)
  eden space 370176K, 0% used [0x00000000e0000000,0x00000000e0000000,0x00000000f6980000)
  from space 41984K, 99% used [0x00000000f7780000,0x00000000fa07af90,0x00000000fa080000)
  to   space 57856K, 0% used [0x00000000fa200000,0x00000000fa200000,0x00000000fda80000)
 ParOldGen       total 232448K, used 102804K [0x00000000a0000000, 0x00000000ae300000, 0x00000000e0000000)
  object space 232448K, 44% used [0x00000000a0000000,0x00000000a6465310,0x00000000ae300000)
 Metaspace       used 82071K, capacity 86090K, committed 86360K, reserved 1124352K
  class space    used 10472K, capacity 11287K, committed 11392K, reserved 1048576K
}
Event: 1263.073 GC heap before
{Heap before GC invocations=24 (full 4):
 PSYoungGen      total 412160K, used 412139K [0x00000000e0000000, 0x00000000fda80000, 0x0000000100000000)
  eden space 370176K, 100% used [0x00000000e0000000,0x00000000f6980000,0x00000000f6980000)
  from space 41984K, 99% used [0x00000000f7780000,0x00000000fa07af90,0x00000000fa080000)
  to   space 57856K, 0% used [0x00000000fa200000,0x00000000fa200000,0x00000000fda80000)
 ParOldGen       total 232448K, used 102804K [0x00000000a0000000, 0x00000000ae300000, 0x00000000e0000000)
  object space 232448K, 44% used [0x00000000a0000000,0x00000000a6465310,0x00000000ae300000)
 Metaspace       used 82260K, capacity 86228K, committed 86360K, reserved 1124352K
  class space    used 10474K, capacity 11288K, committed 11392K, reserved 1048576K
Event: 1263.144 GC heap after
Heap after GC invocations=24 (full 4):
 PSYoungGen      total 412672K, used 50309K [0x00000000e0000000, 0x00000000fd900000, 0x0000000100000000)
  eden space 356352K, 0% used [0x00000000e0000000,0x00000000e0000000,0x00000000f5c00000)
  from space 56320K, 89% used [0x00000000fa200000,0x00000000fd321670,0x00000000fd900000)
  to   space 64000K, 0% used [0x00000000f5c00000,0x00000000f5c00000,0x00000000f9a80000)
 ParOldGen       total 232448K, used 105182K [0x00000000a0000000, 0x00000000ae300000, 0x00000000e0000000)
  object space 232448K, 45% used [0x00000000a0000000,0x00000000a66b7bb8,0x00000000ae300000)
 Metaspace       used 82260K, capacity 86228K, committed 86360K, reserved 1124352K
  class space    used 10474K, capacity 11288K, committed 11392K, reserved 1048576K
}

