# JRE version: OpenJDK Runtime Environment (8.0_152-b02) (build 1.8.0_152-release-1024-b02)
# Java VM: OpenJDK 64-Bit Server VM (25.152-b02 mixed mode windows-amd64 compressed oops)
Heap:
 PSYoungGen      total 296448K, used 95102K [0x00000000e0000000, 0x00000000f8600000, 0x0000000100000000)
  eden space 270336K, 35% used [0x00000000e0000000,0x00000000e5cdf9d0,0x00000000f0800000)
  from space 26112K, 0% used [0x00000000f3a00000,0x00000000f3a00000,0x00000000f5380000)
  to   space 51200K, 0% used [0x00000000f0800000,0x00000000f0800000,0x00000000f3a00000)
 ParOldGen       total 248832K, used 116983K [0x00000000a0000000, 0x00000000af300000, 0x00000000e0000000)
  object space 248832K, 47% used [0x00000000a0000000,0x00000000a723dc08,0x00000000af300000)
 Metaspace       used 74229K, capacity 76826K, committed 77400K, reserved 1116160K
  class space    used 9826K, capacity 10451K, committed 10624K, reserved 1048576K
GC Heap History (10 events):
Event: 14.601 GC heap before
{Heap before GC invocations=12 (full 2):
 PSYoungGen      total 194560K, used 37730K [0x00000000e0000000, 0x00000000f0900000, 0x0000000100000000)
  eden space 179200K, 12% used [0x00000000e0000000,0x00000000e15daea8,0x00000000eaf00000)
  from space 15360K, 99% used [0x00000000eaf00000,0x00000000ebdfdbf8,0x00000000ebe00000)
  to   space 22016K, 0% used [0x00000000ef380000,0x00000000ef380000,0x00000000f0900000)
 ParOldGen       total 87552K, used 33235K [0x00000000a0000000, 0x00000000a5580000, 0x00000000e0000000)
  object space 87552K, 37% used [0x00000000a0000000,0x00000000a2074d88,0x00000000a5580000)
 Metaspace       used 56932K, capacity 58822K, committed 58968K, reserved 1099776K
  class space    used 7745K, capacity 8253K, committed 8320K, reserved 1048576K
Event: 14.619 GC heap after
Heap after GC invocations=12 (full 2):
 PSYoungGen      total 249856K, used 12467K [0x00000000e0000000, 0x00000000f1600000, 0x0000000100000000)
  eden space 227840K, 0% used [0x00000000e0000000,0x00000000e0000000,0x00000000ede80000)
  from space 22016K, 56% used [0x00000000ef380000,0x00000000effacff8,0x00000000f0900000)
  to   space 21504K, 0% used [0x00000000ede80000,0x00000000ede80000,0x00000000ef380000)
 ParOldGen       total 87552K, used 39160K [0x00000000a0000000, 0x00000000a5580000, 0x00000000e0000000)
  object space 87552K, 44% used [0x00000000a0000000,0x00000000a263e0d8,0x00000000a5580000)
 Metaspace       used 56932K, capacity 58822K, committed 58968K, reserved 1099776K
  class space    used 7745K, capacity 8253K, committed 8320K, reserved 1048576K
}
Event: 14.619 GC heap before
{Heap before GC invocations=13 (full 3):
 PSYoungGen      total 249856K, used 12467K [0x00000000e0000000, 0x00000000f1600000, 0x0000000100000000)
  eden space 227840K, 0% used [0x00000000e0000000,0x00000000e0000000,0x00000000ede80000)
  from space 22016K, 56% used [0x00000000ef380000,0x00000000effacff8,0x00000000f0900000)
  to   space 21504K, 0% used [0x00000000ede80000,0x00000000ede80000,0x00000000ef380000)
 ParOldGen       total 87552K, used 39160K [0x00000000a0000000, 0x00000000a5580000, 0x00000000e0000000)
  object space 87552K, 44% used [0x00000000a0000000,0x00000000a263e0d8,0x00000000a5580000)
 Metaspace       used 56932K, capacity 58822K, committed 58968K, reserved 1099776K
  class space    used 7745K, capacity 8253K, committed 8320K, reserved 1048576K
Event: 14.765 GC heap after
Heap after GC invocations=13 (full 3):
 PSYoungGen      total 249856K, used 0K [0x00000000e0000000, 0x00000000f1600000, 0x0000000100000000)
  eden space 227840K, 0% used [0x00000000e0000000,0x00000000e0000000,0x00000000ede80000)
  from space 22016K, 0% used [0x00000000ef380000,0x00000000ef380000,0x00000000f0900000)
  to   space 21504K, 0% used [0x00000000ede80000,0x00000000ede80000,0x00000000ef380000)
 ParOldGen       total 132096K, used 42433K [0x00000000a0000000, 0x00000000a8100000, 0x00000000e0000000)
  object space 132096K, 32% used [0x00000000a0000000,0x00000000a2970410,0x00000000a8100000)
 Metaspace       used 56932K, capacity 58822K, committed 58968K, reserved 1099776K
  class space    used 7745K, capacity 8253K, committed 8320K, reserved 1048576K
}
Event: 47.398 GC heap before
{Heap before GC invocations=14 (full 3):
 PSYoungGen      total 249856K, used 227840K [0x00000000e0000000, 0x00000000f1600000, 0x0000000100000000)
  eden space 227840K, 100% used [0x00000000e0000000,0x00000000ede80000,0x00000000ede80000)
  from space 22016K, 0% used [0x00000000ef380000,0x00000000ef380000,0x00000000f0900000)
  to   space 21504K, 0% used [0x00000000ede80000,0x00000000ede80000,0x00000000ef380000)
 ParOldGen       total 132096K, used 42433K [0x00000000a0000000, 0x00000000a8100000, 0x00000000e0000000)
  object space 132096K, 32% used [0x00000000a0000000,0x00000000a2970410,0x00000000a8100000)
 Metaspace       used 71030K, capacity 73274K, committed 73560K, reserved 1112064K
  class space    used 9478K, capacity 10049K, committed 10112K, reserved 1048576K
Event: 47.418 GC heap after
Heap after GC invocations=14 (full 3):
 PSYoungGen      total 249344K, used 21480K [0x00000000e0000000, 0x00000000f5380000, 0x0000000100000000)
  eden space 227840K, 0% used [0x00000000e0000000,0x00000000e0000000,0x00000000ede80000)
  from space 21504K, 99% used [0x00000000ede80000,0x00000000ef37a290,0x00000000ef380000)
  to   space 26112K, 0% used [0x00000000f3a00000,0x00000000f3a00000,0x00000000f5380000)
 ParOldGen       total 132096K, used 46382K [0x00000000a0000000, 0x00000000a8100000, 0x00000000e0000000)
  object space 132096K, 35% used [0x00000000a0000000,0x00000000a2d4b9d0,0x00000000a8100000)
 Metaspace       used 71030K, capacity 73274K, committed 73560K, reserved 1112064K
  class space    used 9478K, capacity 10049K, committed 10112K, reserved 1048576K
}
Event: 51.287 GC heap before
{Heap before GC invocations=15 (full 3):
 PSYoungGen      total 249344K, used 249320K [0x00000000e0000000, 0x00000000f5380000, 0x0000000100000000)
  eden space 227840K, 100% used [0x00000000e0000000,0x00000000ede80000,0x00000000ede80000)
  from space 21504K, 99% used [0x00000000ede80000,0x00000000ef37a290,0x00000000ef380000)
  to   space 26112K, 0% used [0x00000000f3a00000,0x00000000f3a00000,0x00000000f5380000)
 ParOldGen       total 132096K, used 46382K [0x00000000a0000000, 0x00000000a8100000, 0x00000000e0000000)
  object space 132096K, 35% used [0x00000000a0000000,0x00000000a2d4b9d0,0x00000000a8100000)
 Metaspace       used 74278K, capacity 77078K, committed 77400K, reserved 1116160K
  class space    used 9871K, capacity 10533K, committed 10624K, reserved 1048576K
Event: 51.365 GC heap after
Heap after GC invocations=15 (full 3):
 PSYoungGen      total 296448K, used 26090K [0x00000000e0000000, 0x00000000f8600000, 0x0000000100000000)
  eden space 270336K, 0% used [0x00000000e0000000,0x00000000e0000000,0x00000000f0800000)
  from space 26112K, 99% used [0x00000000f3a00000,0x00000000f537aa20,0x00000000f5380000)
  to   space 51200K, 0% used [0x00000000f0800000,0x00000000f0800000,0x00000000f3a00000)
 ParOldGen       total 132096K, used 104082K [0x00000000a0000000, 0x00000000a8100000, 0x00000000e0000000)
  object space 132096K, 78% used [0x00000000a0000000,0x00000000a65a4a68,0x00000000a8100000)
 Metaspace       used 74278K, capacity 77078K, committed 77400K, reserved 1116160K
  class space    used 9871K, capacity 10533K, committed 10624K, reserved 1048576K
}
Event: 51.365 GC heap before
{Heap before GC invocations=16 (full 4):
 PSYoungGen      total 296448K, used 26090K [0x00000000e0000000, 0x00000000f8600000, 0x0000000100000000)
  eden space 270336K, 0% used [0x00000000e0000000,0x00000000e0000000,0x00000000f0800000)
  from space 26112K, 99% used [0x00000000f3a00000,0x00000000f537aa20,0x00000000f5380000)
  to   space 51200K, 0% used [0x00000000f0800000,0x00000000f0800000,0x00000000f3a00000)
 ParOldGen       total 132096K, used 104082K [0x00000000a0000000, 0x00000000a8100000, 0x00000000e0000000)
  object space 132096K, 78% used [0x00000000a0000000,0x00000000a65a4a68,0x00000000a8100000)
 Metaspace       used 74278K, capacity 77078K, committed 77400K, reserved 1116160K
  class space    used 9871K, capacity 10533K, committed 10624K, reserved 1048576K
Event: 51.758 GC heap after
Heap after GC invocations=16 (full 4):
 PSYoungGen      total 296448K, used 0K [0x00000000e0000000, 0x00000000f8600000, 0x0000000100000000)
  eden space 270336K, 0% used [0x00000000e0000000,0x00000000e0000000,0x00000000f0800000)
  from space 26112K, 0% used [0x00000000f3a00000,0x00000000f3a00000,0x00000000f5380000)
  to   space 51200K, 0% used [0x00000000f0800000,0x00000000f0800000,0x00000000f3a00000)
 ParOldGen       total 248832K, used 116983K [0x00000000a0000000, 0x00000000af300000, 0x00000000e0000000)
  object space 248832K, 47% used [0x00000000a0000000,0x00000000a723dc08,0x00000000af300000)
 Metaspace       used 74138K, capacity 76686K, committed 77400K, reserved 1116160K
  class space    used 9823K, capacity 10449K, committed 10624K, reserved 1048576K
}

